<?xml version="1.0" encoding="UTF-8"?>
<testng-results ignored="0" total="1" passed="1" failed="0" skipped="0">
  <reporter-output>
  </reporter-output>
  <suite started-at="2023-08-03T11:07:53 IST" name="Default suite" finished-at="2023-08-03T11:08:27 IST" duration-ms="34162">
    <groups>
    </groups>
    <test started-at="2023-08-03T11:07:53 IST" name="Default test" finished-at="2023-08-03T11:08:27 IST" duration-ms="34162">
      <class name="obstacles.Obstacles2">
        <test-method signature="Obstacle29_tablesearch()[pri:0, instance:obstacles.Obstacles2@3023df74]" started-at="2023-08-03T11:07:53 IST" name="Obstacle29_tablesearch" finished-at="2023-08-03T11:08:27 IST" duration-ms="33704" status="PASS">
          <reporter-output>
          </reporter-output>
        </test-method> <!-- Obstacle29_tablesearch -->
      </class> <!-- obstacles.Obstacles2 -->
    </test> <!-- Default test -->
  </suite> <!-- Default suite -->
</testng-results>
