<?xml version="1.0" encoding="UTF-8"?>
<!-- Generated by org.testng.reporters.JUnitXMLReporter -->
<testsuite ignored="18" hostname="THSLT10355" failures="0" tests="1" name="Default test" time="34.162" errors="0" timestamp="2023-08-03T11:08:27 IST">
  <testcase classname="obstacles.Obstacles2" name="Obstacle29_tablesearch" time="33.704"/>
  <testcase classname="obstacles.Obstacles2" name="Obstacle32_Changedcell" time="0.0">
    <ignored/>
  </testcase> <!-- Obstacle32_Changedcell -->
  <testcase classname="obstacles.Obstacles2" name="Obstacle28_BubbleSort1" time="0.0">
    <ignored/>
  </testcase> <!-- Obstacle28_BubbleSort1 -->
  <testcase classname="obstacles.Obstacles2" name="Obstacle16_Meetingroom" time="0.0">
    <ignored/>
  </testcase> <!-- Obstacle16_Meetingroom -->
  <testcase classname="obstacles.Obstacles2" name="Obstacle27_FindAndFill" time="0.0">
    <ignored/>
  </testcase> <!-- Obstacle27_FindAndFill -->
  <testcase classname="obstacles.Obstacles2" name="Obstacle31_Testdatainaservice" time="0.0">
    <ignored/>
  </testcase> <!-- Obstacle31_Testdatainaservice -->
  <testcase classname="obstacles.Obstacles2" name="Obstacle19_Escape" time="0.0">
    <ignored/>
  </testcase> <!-- Obstacle19_Escape -->
  <testcase classname="obstacles.Obstacles2" name="Obstacle30_mathmath" time="0.0">
    <ignored/>
  </testcase> <!-- Obstacle30_mathmath -->
  <testcase classname="obstacles.Obstacles2" name="Obstacle25_Redstripe" time="0.0">
    <ignored/>
  </testcase> <!-- Obstacle25_Redstripe -->
  <testcase classname="obstacles.Obstacles2" name="Obstacle_GetSuesNumber" time="0.0">
    <ignored/>
  </testcase> <!-- Obstacle_GetSuesNumber -->
  <testcase classname="obstacles.Obstacles2" name="Obstacle23_ScrollView" time="0.0">
    <ignored/>
  </testcase> <!-- Obstacle23_ScrollView -->
  <testcase classname="obstacles.Obstacles2" name="Obstacle20_HiddenElement" time="0.0">
    <ignored/>
  </testcase> <!-- Obstacle20_HiddenElement -->
  <testcase classname="obstacles.Obstacles2" name="Obstacle26_TheObvious" time="0.0">
    <ignored/>
  </testcase> <!-- Obstacle26_TheObvious -->
  <testcase classname="obstacles.Obstacles2" name="Obstacle22_DropDwn" time="0.0">
    <ignored/>
  </testcase> <!-- Obstacle22_DropDwn -->
  <testcase classname="obstacles.Obstacles2" name="Obstacle17_halfway" time="0.0">
    <ignored/>
  </testcase> <!-- Obstacle17_halfway -->
  <testcase classname="obstacles.Obstacles2" name="Obstacle18_clickMeIfUCan" time="0.0">
    <ignored/>
  </testcase> <!-- Obstacle18_clickMeIfUCan -->
  <testcase classname="obstacles.Obstacles2" name="Obstacle33_Errors" time="0.0">
    <ignored/>
  </testcase> <!-- Obstacle33_Errors -->
  <testcase classname="obstacles.Obstacles2" name="Obstacle21_EmptyMaze" time="0.0">
    <ignored/>
  </testcase> <!-- Obstacle21_EmptyMaze -->
  <testcase classname="obstacles.Obstacles2" name="Obstacle24_FutureChristmas" time="0.0">
    <ignored/>
  </testcase> <!-- Obstacle24_FutureChristmas -->
</testsuite> <!-- Default test -->
